[debug] [2024-05-02T03:56:49.434Z] ----------------------------------------------------------------------
[debug] [2024-05-02T03:56:49.437Z] Command:       C:\Program Files\nodejs\node.exe C:\Users\User\AppData\Roaming\npm\node_modules\firebase-tools\lib\bin\firebase.js init
[debug] [2024-05-02T03:56:49.437Z] CLI Version:   13.7.3
[debug] [2024-05-02T03:56:49.437Z] Platform:      win32
[debug] [2024-05-02T03:56:49.437Z] Node Version:  v21.5.0
[debug] [2024-05-02T03:56:49.438Z] Time:          Thu May 02 2024 09:56:49 GMT+0600 (Bangladesh Standard Time)
[debug] [2024-05-02T03:56:49.438Z] ----------------------------------------------------------------------
[debug] 
[debug] [2024-05-02T03:56:49.441Z] >>> [apiv2][query] GET https://firebase-public.firebaseio.com/cli.json [none]
[debug] [2024-05-02T03:56:49.565Z] > command requires scopes: ["email","openid","https://www.googleapis.com/auth/cloudplatformprojects.readonly","https://www.googleapis.com/auth/firebase","https://www.googleapis.com/auth/cloud-platform"]
[debug] [2024-05-02T03:56:49.565Z] > authorizing via signed-in user (aslamcmes@gmail.com)
[info] 
     ######## #### ########  ######## ########     ###     ######  ########
     ##        ##  ##     ## ##       ##     ##  ##   ##  ##       ##
     ######    ##  ########  ######   ########  #########  ######  ######
     ##        ##  ##    ##  ##       ##     ## ##     ##       ## ##
     ##       #### ##     ## ######## ########  ##     ##  ######  ########

You're about to initialize a Firebase project in this directory:

  E:\web\2024-01-22-next

Before we get started, keep in mind:

  * You are initializing within an existing Firebase project directory

[debug] [2024-05-02T03:56:50.186Z] <<< [apiv2][status] GET https://firebase-public.firebaseio.com/cli.json 200
[debug] [2024-05-02T03:56:50.186Z] <<< [apiv2][body] GET https://firebase-public.firebaseio.com/cli.json {"cloudBuildErrorAfter":1594252800000,"cloudBuildWarnAfter":1590019200000,"defaultNode10After":1594252800000,"minVersion":"3.0.5","node8DeploysDisabledAfter":1613390400000,"node8RuntimeDisabledAfter":1615809600000,"node8WarnAfter":1600128000000}
